TN:
SF:django_comments_xtd/static/django_comments_xtd/js/src/lib.js
FN:1,getCookie
FNF:1
FNH:1
FNDA:3,getCookie
DA:1,1
DA:2,3
DA:3,3
DA:4,2
DA:5,2
DA:6,2
DA:7,2
DA:8,2
DA:9,2
DA:10,2
DA:11,2
DA:12,2
DA:13,3
DA:14,3
LF:14
LH:14
BRDA:1,0,0,3
BRDA:3,1,0,2
BRDA:3,2,0,2
BRF:3
BRH:3
end_of_record
TN:
SF:django_comments_xtd/static/django_comments_xtd/js/src/reducer.js
FN:1,create_tree
FN:10,get_children
FN:58,reducer
FNF:3
FNH:3
FNDA:3,create_tree
FNDA:6,get_children
FNDA:3,reducer
DA:1,1
DA:2,3
DA:3,3
DA:4,3
DA:5,3
DA:6,3
DA:7,3
DA:8,3
DA:9,3
DA:10,3
DA:11,6
DA:12,9
DA:13,0
DA:14,0
DA:15,9
DA:16,6
DA:17,6
DA:18,3
DA:19,3
DA:20,16
DA:21,16
DA:22,16
DA:23,6
DA:24,6
DA:25,16
DA:26,16
DA:27,10
DA:28,10
DA:29,16
DA:30,3
DA:31,3
DA:32,6
DA:33,6
DA:34,6
DA:35,3
DA:36,3
DA:37,3
DA:38,1
DA:39,6
DA:40,1
DA:41,1
DA:42,6
DA:43,6
DA:44,3
DA:45,2
DA:46,2
DA:47,2
DA:48,3
DA:49,3
DA:50,3
DA:51,3
DA:52,3
DA:53,3
DA:54,3
DA:55,3
DA:56,3
DA:57,1
DA:58,1
DA:59,3
DA:60,3
DA:61,1
DA:62,1
DA:63,1
DA:64,1
DA:65,1
DA:66,3
DA:67,1
DA:68,1
DA:69,1
DA:70,1
DA:71,1
DA:72,3
DA:73,1
DA:74,1
DA:75,3
DA:76,3
LF:76
LH:74
BRDA:1,0,0,3
BRDA:19,1,0,16
BRDA:22,2,0,6
BRDA:26,3,0,10
BRDA:31,4,0,6
BRDA:37,5,0,1
BRDA:38,6,0,6
BRDA:39,7,0,1
BRDA:44,8,0,2
BRDA:10,9,0,6
BRDA:11,10,0,9
BRDA:12,11,0,0
BRDA:58,12,0,3
BRDA:60,13,0,1
BRDA:66,14,0,1
BRDA:72,15,0,1
BRF:16
BRH:15
end_of_record
